a	7
accept	1
among	1
arbiter–it	1
asked	1
be	1
benefit,	1
bread	1
buy	1
can	3
causality–the	1
common	1
created	1
default	1
desires.	1
driver.	1
effort	5
energy	1
except	2
existed	1
final	1
fools?	1
francisco	1
give	3
goods	3
had	1
he	2
honest	2
incompetent?	1
invent	1
it?	1
labor	1
left	1
looted	1
made	4
man’s	3
men	13
misery–that	1
mooched–made	1
more	1
muscles.	1
need	1
obtain	2
offer,	1
or	4
paper	1
permits	2
power	1
produce.	2
production?	1
reason,	1
rests	1
root	5
scourge	1
sell,	1
so	2
strong	1
symbol	1
tears,	1
the	77
them.	1
think	1
time.	1
tool	3
trade–with	1
unless	1
value.	1
was	1
weight	1
wherever	1
will	7
wish	1
work	1
you	26
