ability.	1
all	4
an	3
are	5
at	6
beasts	1
best	4
brutes.	1
buy,	1
can’t	2
choice	1
consider	3
dare	1
degree	2
did	1
d’anconia.	1
effort,	1
ever	3
exchange	3
existence	1
find.	1
for	10
from	1
gold,	1
goods.	1
hadoop	2
hello	2
honor–your	1
injury,	1
invents	1
judgment	2
law	1
live	1
looters	1
made–before	1
material	1
men’s	1
money	20
moochers	1
more.	1
muscular	1
no	3
ocean	1
on	4
others.	1
paper,	1
physical	1
prescribe	1
produced	2
productiveness	1
reason;	1
return.	1
said	1
seed	1
shape	1
somewhere	1
stupidity,	1
take	3
tell	1
their	6
then	1
think.	1
to	21
tool.	1
transform	1
unthinking	1
values,	1
weak?	1
what	5
which	4
will.	1
wish,	1
world	4
your	14
