a	1
a	1
a	1
a	1
a	1
a	1
a	1
accept	1
among	1
arbiter–it	1
asked	1
be	1
benefit,	1
bread	1
buy	1
can	1
can	1
can	1
causality–the	1
common	1
created	1
default	1
desires.	1
driver.	1
effort	1
effort	1
effort	1
effort	1
effort	1
energy	1
except	1
except	1
existed	1
final	1
fools?	1
francisco	1
give	1
give	1
give	1
goods	1
goods	1
goods	1
had	1
he	1
he	1
honest	1
honest	1
incompetent?	1
invent	1
it?	1
labor	1
left	1
looted	1
made	1
made	1
made	1
made	1
man’s	1
man’s	1
man’s	1
men	1
men	1
men	1
men	1
men	1
men	1
men	1
men	1
men	1
men	1
men	1
men	1
men	1
misery–that	1
mooched–made	1
more	1
muscles.	1
need	1
obtain	1
obtain	1
offer,	1
or	1
or	1
or	1
or	1
paper	1
permits	1
permits	1
power	1
produce.	1
produce.	1
production?	1
reason,	1
rests	1
root	1
root	1
root	1
root	1
root	1
scourge	1
sell,	1
so	1
so	1
strong	1
symbol	1
tears,	1
the	1
the	1
the	1
the	1
the	1
the	1
the	1
the	1
the	1
the	1
the	1
the	1
the	1
the	1
the	1
the	1
the	1
the	1
the	1
the	1
the	1
the	1
the	1
the	1
the	1
the	1
the	1
the	1
the	1
the	1
the	1
the	1
the	1
the	1
the	1
the	1
the	1
the	1
the	1
the	1
the	1
the	1
the	1
the	1
the	1
the	1
the	1
the	1
the	1
the	1
the	1
the	1
the	1
the	1
the	1
the	1
the	1
the	1
the	1
the	1
the	1
the	1
the	1
the	1
the	1
the	1
the	1
the	1
the	1
the	1
the	1
the	1
the	1
the	1
the	1
the	1
the	1
them.	1
think	1
time.	1
tool	1
tool	1
tool	1
trade–with	1
unless	1
value.	1
was	1
weight	1
wherever	1
will	1
will	1
will	1
will	1
will	1
will	1
will	1
wish	1
work	1
you	1
you	1
you	1
you	1
you	1
you	1
you	1
you	1
you	1
you	1
you	1
you	1
you	1
you	1
you	1
you	1
you	1
you	1
you	1
you	1
you	1
you	1
you	1
you	1
you	1
you	1
