ability–and	1
allows	1
and	1
and	1
and	1
and	1
and	1
and	1
and	1
and	1
and	1
around	1
attempt	1
been	1
bond	1
burden,	1
by	1
by	1
by	1
by	1
by	1
by	1
by	1
by	1
by	1
by	1
by	1
by	1
by	1
by	1
by	1
by	1
by	1
capacity	1
claim	1
claim	1
consume	1
deal	1
deal	1
demands	1
demands	1
demands	1
discover	1
each	1
effort.	1
every	1
every	1
exchange,	1
expense	1
expense	1
expense	1
expense	1
expense	1
first	1
force,	1
gain,	1
good	1
grow	1
has	1
has	1
highest	1
hope	1
intelligent	1
is	1
is	1
is	1
is	1
is	1
is	1
is	1
is	1
is	1
is	1
is	1
is	1
is	1
is	1
is	1
is	1
is	1
is	1
is	1
is	1
is	1
is	1
is	1
is	1
is	1
is	1
is	1
is	1
is	1
is	1
knowledge	1
lazy?	1
look	1
looters,	1
man	1
man	1
man	1
man	1
man	1
mean?	1
mind	1
mind	1
mind	1
money.	1
money.	1
money.	1
moochers,	1
motions–and	1
must	1
must	1
must	1
not	1
not	1
not	1
not	1
not	1
not	1
not	1
not	1
not	1
not	1
not	1
not	1
not	1
not	1
not	1
not	1
not	1
of	1
of	1
of	1
of	1
of	1
of	1
of	1
of	1
of	1
of	1
of	1
of	1
of	1
of	1
of	1
of	1
of	1
of	1
of	1
of	1
of	1
of	1
of	1
of	1
of	1
of	1
of	1
of	1
of	1
of	1
of	1
of	1
of	1
of	1
of	1
of	1
of	1
of	1
of	1
of	1
of	1
of	1
of	1
of	1
of	1
of	1
of	1
of	1
of	1
of	1
one	1
one	1
own	1
own	1
payment	1
pieces	1
pieces	1
principle	1
principle	1
produced.	1
products	1
recognition	1
recognition	1
reverse	1
satisfaction	1
seek	1
shoddiest	1
statement	1
suffering,	1
talent	1
than	1
them	1
there	1
there	1
this	1
this	1
this	1
this	1
token	1
trade	1
trade	1
trade	1
try	1
try	1
upon	1
voluntary	1
weakness	1
wheat	1
who	1
who	1
who	1
who	1
who	1
who	1
who	1
who	1
who	1
who	1
who	1
who	1
who	1
who	1
who	1
willing	1
with	1
with	1
worth	1
yourself	1
