able	1
able	1
ambitious	1
another	1
as	1
as	1
axiom	1
benefit	1
born	1
but	1
but	1
but	1
but	1
but	1
but	1
but	1
but	1
but	1
bye	1
carry	1
code	1
code	1
conviction	1
deals	1
desires,	1
do	1
do	1
earth.	1
electric	1
evil?	1
evil?	1
evil?	1
evil?	1
exist	1
extent	1
food	1
force.	1
generator	1
goodbye	1
guns	1
guns	1
have	1
have	1
have	1
his	1
his	1
his	1
his	1
his	1
in	1
in	1
in	1
in	1
in	1
into	1
it	1
it	1
it	1
it	1
it	1
it	1
it	1
it	1
it	1
it	1
it	1
it	1
knows	1
learn	1
looked	1
loss–the	1
man,	1
means	1
means	1
means	1
mind.	1
money?	1
moral	1
motor	1
mutual	1
nothing	1
offer	1
only	1
only	1
only	1
owner	1
performance,	1
possible	1
produce	1
product	1
product	1
product	1
product	1
provide	1
replace	1
replace	1
reward.	1
say	1
seizing	1
should	1
strength	1
strength	1
survive	1
tears	1
that	1
that	1
that	1
that	1
that	1
that	1
that	1
that	1
that	1
that	1
that	1
that	1
that	1
that	1
that	1
that	1
that	1
that	1
them,	1
they	1
they	1
they	1
those	1
those	1
those	1
those	1
tomorrow.	1
traders.	1
unforced	1
value	1
value	1
value	1
wallet	1
wallet	1
wealth	1
wealth	1
when	1
when	1
whose	1
wins,	1
without	1
wounds–that	1
you’ll	1
