ability.	1
all	1
all	1
all	1
all	1
an	1
an	1
an	1
are	1
are	1
are	1
are	1
are	1
at	1
at	1
at	1
at	1
at	1
at	1
beasts	1
best	1
best	1
best	1
best	1
brutes.	1
buy,	1
can’t	1
can’t	1
choice	1
consider	1
consider	1
consider	1
dare	1
degree	1
degree	1
did	1
d’anconia.	1
effort,	1
ever	1
ever	1
ever	1
exchange	1
exchange	1
exchange	1
existence	1
find.	1
for	1
for	1
for	1
for	1
for	1
for	1
for	1
for	1
for	1
for	1
from	1
gold,	1
goods.	1
hadoop	1
hadoop	1
hello	1
hello	1
honor–your	1
injury,	1
invents	1
judgment	1
judgment	1
law	1
live	1
looters	1
made–before	1
material	1
men’s	1
money	1
money	1
money	1
money	1
money	1
money	1
money	1
money	1
money	1
money	1
money	1
money	1
money	1
money	1
money	1
money	1
money	1
money	1
money	1
money	1
moochers	1
more.	1
muscular	1
no	1
no	1
no	1
ocean	1
on	1
on	1
on	1
on	1
others.	1
paper,	1
physical	1
prescribe	1
produced	1
produced	1
productiveness	1
reason;	1
return.	1
said	1
seed	1
shape	1
somewhere	1
stupidity,	1
take	1
take	1
take	1
tell	1
their	1
their	1
their	1
their	1
their	1
their	1
then	1
think.	1
to	1
to	1
to	1
to	1
to	1
to	1
to	1
to	1
to	1
to	1
to	1
to	1
to	1
to	1
to	1
to	1
to	1
to	1
to	1
to	1
to	1
tool.	1
transform	1
unthinking	1
values,	1
weak?	1
what	1
what	1
what	1
what	1
what	1
which	1
which	1
which	1
which	1
will.	1
wish,	1
world	1
world	1
world	1
world	1
your	1
your	1
your	1
your	1
your	1
your	1
your	1
your	1
your	1
your	1
your	1
your	1
your	1
your	1
