able	2
ambitious	1
another	1
as	2
axiom	1
benefit	1
born	1
but	9
bye	1
carry	1
code	2
conviction	1
deals	1
desires,	1
do	2
earth.	1
electric	1
evil?	4
exist	1
extent	1
food	1
force.	1
generator	1
goodbye	1
guns	2
have	3
his	5
in	5
into	1
it	12
knows	1
learn	1
looked	1
loss–the	1
man,	1
means	3
mind.	1
money?	1
moral	1
motor	1
mutual	1
nothing	1
offer	1
only	3
owner	1
performance,	1
possible	1
produce	1
product	4
provide	1
replace	2
reward.	1
say	1
seizing	1
should	1
strength	2
survive	1
tears	1
that	18
them,	1
they	3
those	4
tomorrow.	1
traders.	1
unforced	1
value	3
wallet	2
wealth	2
when	2
whose	1
wins,	1
without	1
wounds–that	1
you’ll	1
